
---------GOOD------------

Erreur syntax error near line 6 
test/good/add.tpc  :  1
test/good/cast.tpc  :  1
test/good/function.tpc  :  0
test/good/perfect_cast  :  0
test/good/perfect_cast.tpc  :  0
test/good/test.tpc  :  0
test/good/type.tpc  :  0

---------BAD-------------

test/bad/assign_constante  :  1
test/bad/assign_constante.tpc  :  1
test/bad/int_in_char  :  1
test/bad/int_in_char.tpc  :  1
test/bad/long_in_int  :  1
test/bad/long_in_int.tpc  :  1
test/bad/reade_vs_readc  :  1
test/bad/reade_vs_readc.tpc  :  1
test/bad/redefine.tpc  :  1
test/bad/redefine_function.tpc  :  0
test/bad/variable_not_declared.tpc  :  1
